Build ready to start
build-image version: 9cade8af58c2cf3a17a1e9433d2e979149488837
build-image tag: v3.3.5
buildbot version: 2fd8f04962d5dbc77b79b9c2f5ab7a077e87376b
Fetching cached dependencies
Starting to download cache of 254.9KB
Finished downloading cache in 102.885794ms
Starting to extract cache
Failed to fetch cache, continuing with build
Starting to prepare the repo for build
No cached dependencies found. Cloning fresh repo
git clone https://github.com/ztach/ztach-books
Preparing Git Reference refs/heads/master
Starting build script
Installing dependencies
Downloading and installing node v10.19.0...
Downloading https://nodejs.org/dist/v10.19.0/node-v10.19.0-linux-x64.tar.xz...

#####################################
                                51.8%

####################################################
#################### 100.0%
Computing checksum with sha256sum
Checksums matched!
Now using node v10.19.0 (npm v6.13.4)
Attempting ruby version 2.6.2, read from environment
Using ruby version 2.6.2
Using PHP version 5.6
Started restoring cached node modules
Finished restoring cached node modules
Started restoring cached yarn cache
Finished restoring cached yarn cache
Installing yarn at version 1.17.0
Installing Yarn!
> Downloading tarball...
[1/2]: https://yarnpkg.com/downloads/1.17.0/yarn-v1.17.0.tar.g
z --> /tmp/yarn.tar.gz.IRnmjDABov
  % Total    % Received % Xferd  Average Speed   Tim
e    Time     Time  Current
                                 Dload  Upload   Total   Spent    Left  Speed

  0     0    0     0    0     0
 0      0 --:--:-- --:--:-- --:--:--     0

  0     0    0     0    0     0      0      0 --:--:-- --:--:-- --:--:-
-     0

100    80  100    80    0
  0    235      0 --:--:-- --:--:-- --:--:--   234

100    93  100    93    0     0    147      0 --:--:-- --:--:-- --:--:--   147

100   609  100   609    0     0    554      0  0:0
0:01  0:00:01 --:--:--   554

  0     0    0     0    0     0
0      0 --:--:--  0:00:01 --:--:--     0

100 1213k  100 1213k    0     0   719k      0  0:00:01  0:00:01 --:--
:-- 2916k
[2/2]: https://yarnpkg.com/downloads/1.17.0/yarn-v1.17.0.tar.g
z.asc --> /tmp/yarn.tar.gz.IRnmjDABov.asc

100    84  100    84    0     0   3
060      0 --:--:-- --:--:-- --:--:--  3060

100    97  100    97    0     0
 1740      0 --:--:-- --:--:-- --:--:--  1740

100   613  100   613    0     0   2866      0 --
:--:-- --:--:-- --:--:--  2866

100   832  100   832    0     0   3293      0 --:--:-- --:--:
-- --:--:--  3293
> Verifying integrity...
gpg: Signature made Fri 14 Jun 2019 06:55:58 PM UTC using RSA key ID 69475BAA
gpg: Good signature from "Yarn Packaging <yarn@dan.cx>"
gpg: Note: This key has expired!
Primary key fingerprint: 72EC F46A 56B4 AD39
 C907  BBB7 1646 B01B 86E5 0310
     Subkey fingerprint: 6D98 490C 6F1A CDDD 448E  4595 4F77 6793 6947 5BAA
> GPG signature looks good
> Extracting to ~/.yarn...
> Adding to $PATH...
> Successfully installed Yarn 1.17.0! Please open another terminal where the `yarn` command will now be available.
Installing NPM modules using Yarn version 1.17.0
yarn install v1.17.0
[1/4] Resolving packages...
[2/4] Fetching packages...
info fsevents@2.1.2: The platform "linux" is incompatible with this module.
info "fsevents@2.1.2" is an optional dependency and failed compatibility check. Excluding it from installation.
info fsevents@1.2.11: The platform "linux" is incompatible with this module.
info "fsevents@1.2.11" is an optional dependency and failed compatibility check. Excluding it from installation.
[3/4] Linking dependencies...
warning "gatsby > react-hot-loader@4.12.19" has unmet peer dependency "@types/react@^15.0.0 || ^16.0.0".
warning "gatsby > @typescript-eslint/eslint-plugin > tsutils@3.17.1" has unmet peer dependency "typescript@>=2.8.0 || >= 3.2.0-dev || >= 3.3.0-dev || >= 3.4.0-dev || >= 3.5.0-dev || >= 3.6.0-dev || >= 3.6.0-beta || >= 3.7.0-dev || >= 3.7.0-beta".
warning "gatsby > gatsby-cli > ink@2.6.0" has unmet peer dependency "@types/react@>=16.8.0".
warning "gatsby-plugin-sass > sass-loader@7.3.1" has unmet peer dependency "webpack@^3.0.0 || ^4.0.0".
warning "gatsby-source-datocms > request-promise-native@1.0.7" has unmet peer dependency "request@^2.34".
warning "gatsby-source-datocms > request-promise-native > request-promise-core@1.1.2" has unmet peer dependency "request@^2.34".
warning " > styled-components@5.0.1" has unmet peer dependency "react-is@>= 16.8.0".
[4/4] Building fresh packages...
Done in 40.89s.
NPM modules installed using Yarn
Started restoring cached go cache
Finished restoring cached go cache
unset GOOS;
unset GOARCH;
export GOROOT='/opt/buildhome/.gimme/versions/go1.12.linux.amd64';
export PATH="/opt/buildhome/.gimme/versions/go1.12.linux.amd64/bin:${PATH}";
go version >&2;
export GIMME_ENV='/opt/buildhome/.gimme/env/go1.12.linux.amd64.env';
go version go1.12 linux/amd64
Installing missing commands
Verify run directory
Executing user command: npm run build
> gatsby-starter-default@0.1.0 build /opt/build/repo
> gatsby build
success open and validate gatsby-configs - 0.028s
success load plugins - 1.373s
success onPreInit - 0.008s
success delete html and css files from previous builds - 0.010s
success initialize cache - 0.007s
success copy gatsby files - 0.027s
success onPreBootstrap - 0.757s
success createSchemaCustomization - 0.004s
error "gatsby-source-datocms" threw an error while running the sourceNodes lifecycle:
401 INVALID_SITE (details: {})

  ApiException: 401 INVALID_SITE (details: {})
  
  - Client.js:136 
    [repo]/[datocms-client]/lib/Client.js:136:33
  
  - next_tick.js:68 process._tickCallback
    internal/process/next_tick.js:68:7
  

not finished source and transform nodes - 0.714s
not finished loading DatoCMS content - 0.647s
npm
 ERR! code ELIFECYCLE
npm
 ERR!
 errno
 1
npm
 ERR!
 gatsby-starter-default@0.1.0 build: `gatsby build`
npm
ERR!
 Exit status 1
npm
ERR!
npm
ERR! Failed at the gatsby-starter-default@0.1.0 build script.
npm ERR!
 This is probably not a problem with npm. There is likely additional logging output above.
npm
 ERR! A complete log of this run can be found in:
npm ERR!     /opt/buildhome/.npm/_logs/2020-02-19T20_44_30_225Z-debug.log
Skipping functions preparation step: no functions directory set
Caching artifacts
Started saving node modules
Finished saving node modules
Started saving yarn cache
Finished saving yarn cache
Started saving pip cache
Finished saving pip cache
Started saving emacs cask dependencies
Finished saving emacs cask dependencies
Started saving maven dependencies
Finished saving maven dependencies
Started saving boot dependencies
Finished saving boot dependencies
Started saving go dependencies
Finished saving go dependencies
Error running command: Build script returned non-zero exit code: 1
Failing build: Failed to build site
failed during stage 'building site': Build script returned non-zero exit code: 1
Finished processing build request in 1m4.268685404s